#! /home1/c/cis5710/tools/bin/vvp
:ivl_version "11.0 (stable)" "(v11_0)";
:ivl_delay_selection "TYPICAL";
:vpi_time_precision - 12;
:vpi_module "/home1/c/cis5710/tools/lib/ivl/system.vpi";
:vpi_module "/home1/c/cis5710/tools/lib/ivl/vhdl_sys.vpi";
:vpi_module "/home1/c/cis5710/tools/lib/ivl/vhdl_textio.vpi";
:vpi_module "/home1/c/cis5710/tools/lib/ivl/v2005_math.vpi";
:vpi_module "/home1/c/cis5710/tools/lib/ivl/va_math.vpi";
S_0x164af70 .scope module, "test_regfile" "test_regfile" 2 16;
 .timescale -9 -12;
v0x1684d70_0 .var "clk", 0 0;
v0x1684e30_0 .var/i "errors", 31 0;
v0x1684f10_0 .var "expectedValue1", 15 0;
v0x1685000_0 .var "expectedValue2", 15 0;
v0x16850e0_0 .var "gwe", 0 0;
v0x1685180_0 .var/i "input_file", 31 0;
v0x1685260_0 .var/i "output_file", 31 0;
v0x1685340_0 .var "rd", 2 0;
v0x1685400_0 .var "rs", 2 0;
v0x16854d0_0 .net "rs_data", 15 0, L_0x1688650;  1 drivers
v0x16855a0_0 .var "rst", 0 0;
v0x1685640_0 .var "rt", 2 0;
v0x1685710_0 .net "rt_data", 15 0, L_0x1689d90;  1 drivers
v0x16857e0_0 .var/i "tests", 31 0;
v0x16858a0_0 .var "wdata", 15 0;
v0x1685960_0 .var "wen", 0 0;
S_0x16497f0 .scope task, "printPoints" "printPoints" 3 1, 3 1 0, S_0x164af70;
 .timescale -9 -12;
v0x16477b0_0 .var "actual", 31 0;
v0x1646030_0 .var "possible", 31 0;
TD_test_regfile.printPoints ;
    %vpi_call 3 4 "$display", "<scorePossible>%d</scorePossible>", v0x1646030_0 {0 0 0};
    %vpi_call 3 5 "$display", "<scoreActual>%d</scoreActual>", v0x16477b0_0 {0 0 0};
    %end;
S_0x167b150 .scope module, "regfile" "lc4_regfile" 2 41, 4 14 0, S_0x164af70;
 .timescale -9 -12;
    .port_info 0 /INPUT 1 "clk";
    .port_info 1 /INPUT 1 "gwe";
    .port_info 2 /INPUT 1 "rst";
    .port_info 3 /INPUT 3 "i_rs";
    .port_info 4 /OUTPUT 16 "o_rs_data";
    .port_info 5 /INPUT 3 "i_rt";
    .port_info 6 /OUTPUT 16 "o_rt_data";
    .port_info 7 /INPUT 3 "i_rd";
    .port_info 8 /INPUT 16 "i_wdata";
    .port_info 9 /INPUT 1 "i_rd_we";
P_0x167b350 .param/l "n" 0 4 14, +C4<00000000000000000000000000010000>;
L_0x1644790 .functor AND 1, L_0x1685c10, v0x1685960_0, C4<1>, C4<1>;
L_0x1629960 .functor AND 1, L_0x1685f50, v0x1685960_0, C4<1>, C4<1>;
L_0x165b060 .functor AND 1, L_0x1686180, v0x1685960_0, C4<1>, C4<1>;
L_0x1686490 .functor AND 1, L_0x1686340, v0x1685960_0, C4<1>, C4<1>;
L_0x1686820 .functor AND 1, L_0x1686730, v0x1685960_0, C4<1>, C4<1>;
L_0x1686ba0 .functor AND 1, L_0x1686a40, v0x1685960_0, C4<1>, C4<1>;
L_0x1686ef0 .functor AND 1, L_0x1686e00, v0x1685960_0, C4<1>, C4<1>;
L_0x1687470 .functor AND 1, L_0x1687330, v0x1685960_0, C4<1>, C4<1>;
L_0x7f3611fbd018 .functor BUFT 1, C4<000>, C4<0>, C4<0>, C4<0>;
v0x16806f0_0 .net/2u *"_ivl_0", 2 0, L_0x7f3611fbd018;  1 drivers
v0x16807f0_0 .net *"_ivl_100", 0 0, L_0x1688cb0;  1 drivers
L_0x7f3611fbd528 .functor BUFT 1, C4<011>, C4<0>, C4<0>, C4<0>;
v0x16808b0_0 .net/2u *"_ivl_102", 2 0, L_0x7f3611fbd528;  1 drivers
v0x1680970_0 .net *"_ivl_104", 0 0, L_0x1688d50;  1 drivers
L_0x7f3611fbd570 .functor BUFT 1, C4<100>, C4<0>, C4<0>, C4<0>;
v0x1680a30_0 .net/2u *"_ivl_106", 2 0, L_0x7f3611fbd570;  1 drivers
v0x1680b60_0 .net *"_ivl_108", 0 0, L_0x1688f20;  1 drivers
L_0x7f3611fbd5b8 .functor BUFT 1, C4<101>, C4<0>, C4<0>, C4<0>;
v0x1680c20_0 .net/2u *"_ivl_110", 2 0, L_0x7f3611fbd5b8;  1 drivers
v0x1680d00_0 .net *"_ivl_112", 0 0, L_0x1689010;  1 drivers
L_0x7f3611fbd600 .functor BUFT 1, C4<110>, C4<0>, C4<0>, C4<0>;
v0x1680dc0_0 .net/2u *"_ivl_114", 2 0, L_0x7f3611fbd600;  1 drivers
v0x1680ea0_0 .net *"_ivl_116", 0 0, L_0x16891f0;  1 drivers
v0x1680f60_0 .net *"_ivl_118", 15 0, L_0x16893f0;  1 drivers
L_0x7f3611fbd0a8 .functor BUFT 1, C4<010>, C4<0>, C4<0>, C4<0>;
v0x1681040_0 .net/2u *"_ivl_12", 2 0, L_0x7f3611fbd0a8;  1 drivers
v0x1681120_0 .net *"_ivl_120", 15 0, L_0x16895e0;  1 drivers
v0x1681200_0 .net *"_ivl_122", 15 0, L_0x1689680;  1 drivers
v0x16812e0_0 .net *"_ivl_124", 15 0, L_0x1689880;  1 drivers
v0x16813c0_0 .net *"_ivl_126", 15 0, L_0x1689970;  1 drivers
v0x16814a0_0 .net *"_ivl_128", 15 0, L_0x1689c10;  1 drivers
v0x1681580_0 .net *"_ivl_14", 0 0, L_0x1686180;  1 drivers
L_0x7f3611fbd0f0 .functor BUFT 1, C4<011>, C4<0>, C4<0>, C4<0>;
v0x1681640_0 .net/2u *"_ivl_18", 2 0, L_0x7f3611fbd0f0;  1 drivers
v0x1681720_0 .net *"_ivl_2", 0 0, L_0x1685c10;  1 drivers
v0x16817e0_0 .net *"_ivl_20", 0 0, L_0x1686340;  1 drivers
L_0x7f3611fbd138 .functor BUFT 1, C4<100>, C4<0>, C4<0>, C4<0>;
v0x16818a0_0 .net/2u *"_ivl_24", 2 0, L_0x7f3611fbd138;  1 drivers
v0x1681980_0 .net *"_ivl_26", 0 0, L_0x1686730;  1 drivers
L_0x7f3611fbd180 .functor BUFT 1, C4<101>, C4<0>, C4<0>, C4<0>;
v0x1681a40_0 .net/2u *"_ivl_30", 2 0, L_0x7f3611fbd180;  1 drivers
v0x1681b20_0 .net *"_ivl_32", 0 0, L_0x1686a40;  1 drivers
L_0x7f3611fbd1c8 .functor BUFT 1, C4<110>, C4<0>, C4<0>, C4<0>;
v0x1681be0_0 .net/2u *"_ivl_36", 2 0, L_0x7f3611fbd1c8;  1 drivers
v0x1681cc0_0 .net *"_ivl_38", 0 0, L_0x1686e00;  1 drivers
L_0x7f3611fbd210 .functor BUFT 1, C4<111>, C4<0>, C4<0>, C4<0>;
v0x1681d80_0 .net/2u *"_ivl_42", 2 0, L_0x7f3611fbd210;  1 drivers
v0x1681e60_0 .net *"_ivl_44", 0 0, L_0x1687330;  1 drivers
L_0x7f3611fbd258 .functor BUFT 1, C4<000>, C4<0>, C4<0>, C4<0>;
v0x1681f20_0 .net/2u *"_ivl_48", 2 0, L_0x7f3611fbd258;  1 drivers
v0x1682000_0 .net *"_ivl_50", 0 0, L_0x1687580;  1 drivers
L_0x7f3611fbd2a0 .functor BUFT 1, C4<001>, C4<0>, C4<0>, C4<0>;
v0x16820c0_0 .net/2u *"_ivl_52", 2 0, L_0x7f3611fbd2a0;  1 drivers
v0x16821a0_0 .net *"_ivl_54", 0 0, L_0x16876a0;  1 drivers
L_0x7f3611fbd2e8 .functor BUFT 1, C4<010>, C4<0>, C4<0>, C4<0>;
v0x1682470_0 .net/2u *"_ivl_56", 2 0, L_0x7f3611fbd2e8;  1 drivers
v0x1682550_0 .net *"_ivl_58", 0 0, L_0x16877f0;  1 drivers
L_0x7f3611fbd060 .functor BUFT 1, C4<001>, C4<0>, C4<0>, C4<0>;
v0x1682610_0 .net/2u *"_ivl_6", 2 0, L_0x7f3611fbd060;  1 drivers
L_0x7f3611fbd330 .functor BUFT 1, C4<011>, C4<0>, C4<0>, C4<0>;
v0x16826f0_0 .net/2u *"_ivl_60", 2 0, L_0x7f3611fbd330;  1 drivers
v0x16827d0_0 .net *"_ivl_62", 0 0, L_0x16878c0;  1 drivers
L_0x7f3611fbd378 .functor BUFT 1, C4<100>, C4<0>, C4<0>, C4<0>;
v0x1682890_0 .net/2u *"_ivl_64", 2 0, L_0x7f3611fbd378;  1 drivers
v0x1682970_0 .net *"_ivl_66", 0 0, L_0x1687a00;  1 drivers
L_0x7f3611fbd3c0 .functor BUFT 1, C4<101>, C4<0>, C4<0>, C4<0>;
v0x1682a30_0 .net/2u *"_ivl_68", 2 0, L_0x7f3611fbd3c0;  1 drivers
v0x1682b10_0 .net *"_ivl_70", 0 0, L_0x1687b20;  1 drivers
L_0x7f3611fbd408 .functor BUFT 1, C4<110>, C4<0>, C4<0>, C4<0>;
v0x1682bd0_0 .net/2u *"_ivl_72", 2 0, L_0x7f3611fbd408;  1 drivers
v0x1682cb0_0 .net *"_ivl_74", 0 0, L_0x1687cc0;  1 drivers
v0x1682d70_0 .net *"_ivl_76", 15 0, L_0x1687de0;  1 drivers
v0x1682e50_0 .net *"_ivl_78", 15 0, L_0x1687f60;  1 drivers
v0x1682f30_0 .net *"_ivl_8", 0 0, L_0x1685f50;  1 drivers
v0x1682ff0_0 .net *"_ivl_80", 15 0, L_0x16880a0;  1 drivers
v0x16830d0_0 .net *"_ivl_82", 15 0, L_0x1688280;  1 drivers
v0x16831b0_0 .net *"_ivl_84", 15 0, L_0x16883c0;  1 drivers
v0x1683290_0 .net *"_ivl_86", 15 0, L_0x1688140;  1 drivers
L_0x7f3611fbd450 .functor BUFT 1, C4<000>, C4<0>, C4<0>, C4<0>;
v0x1683370_0 .net/2u *"_ivl_90", 2 0, L_0x7f3611fbd450;  1 drivers
v0x1683450_0 .net *"_ivl_92", 0 0, L_0x16888a0;  1 drivers
L_0x7f3611fbd498 .functor BUFT 1, C4<001>, C4<0>, C4<0>, C4<0>;
v0x1683510_0 .net/2u *"_ivl_94", 2 0, L_0x7f3611fbd498;  1 drivers
v0x16835f0_0 .net *"_ivl_96", 0 0, L_0x1688af0;  1 drivers
L_0x7f3611fbd4e0 .functor BUFT 1, C4<010>, C4<0>, C4<0>, C4<0>;
v0x16836b0_0 .net/2u *"_ivl_98", 2 0, L_0x7f3611fbd4e0;  1 drivers
v0x1683790_0 .net "clk", 0 0, v0x1684d70_0;  1 drivers
v0x1683830_0 .net "gwe", 0 0, v0x16850e0_0;  1 drivers
v0x16838d0_0 .net "i_rd", 2 0, v0x1685340_0;  1 drivers
v0x16839b0_0 .net "i_rd_we", 0 0, v0x1685960_0;  1 drivers
v0x1683a70_0 .net "i_rs", 2 0, v0x1685400_0;  1 drivers
v0x1683b50_0 .net "i_rt", 2 0, v0x1685640_0;  1 drivers
v0x1683c30_0 .net "i_wdata", 15 0, v0x16858a0_0;  1 drivers
v0x1683e00_0 .net "o_rs_data", 15 0, L_0x1688650;  alias, 1 drivers
v0x1683ee0_0 .net "o_rt_data", 15 0, L_0x1689d90;  alias, 1 drivers
v0x16843d0_0 .net "r0v", 15 0, L_0x1645f10;  1 drivers
v0x1684490_0 .net "r1v", 15 0, L_0x1626d20;  1 drivers
v0x1684560_0 .net "r2v", 15 0, L_0x165ae60;  1 drivers
v0x1684630_0 .net "r3v", 15 0, L_0x165b0d0;  1 drivers
v0x1684700_0 .net "r4v", 15 0, L_0x1686580;  1 drivers
v0x16847d0_0 .net "r5v", 15 0, L_0x16868e0;  1 drivers
v0x16848a0_0 .net "r6v", 15 0, L_0x1686ca0;  1 drivers
v0x1684970_0 .net "r7v", 15 0, L_0x16870c0;  1 drivers
v0x1684a40_0 .net "rst", 0 0, v0x16855a0_0;  1 drivers
L_0x1685c10 .cmp/eq 3, v0x1685340_0, L_0x7f3611fbd018;
L_0x1685f50 .cmp/eq 3, v0x1685340_0, L_0x7f3611fbd060;
L_0x1686180 .cmp/eq 3, v0x1685340_0, L_0x7f3611fbd0a8;
L_0x1686340 .cmp/eq 3, v0x1685340_0, L_0x7f3611fbd0f0;
L_0x1686730 .cmp/eq 3, v0x1685340_0, L_0x7f3611fbd138;
L_0x1686a40 .cmp/eq 3, v0x1685340_0, L_0x7f3611fbd180;
L_0x1686e00 .cmp/eq 3, v0x1685340_0, L_0x7f3611fbd1c8;
L_0x1687330 .cmp/eq 3, v0x1685340_0, L_0x7f3611fbd210;
L_0x1687580 .cmp/eq 3, v0x1685400_0, L_0x7f3611fbd258;
L_0x16876a0 .cmp/eq 3, v0x1685400_0, L_0x7f3611fbd2a0;
L_0x16877f0 .cmp/eq 3, v0x1685400_0, L_0x7f3611fbd2e8;
L_0x16878c0 .cmp/eq 3, v0x1685400_0, L_0x7f3611fbd330;
L_0x1687a00 .cmp/eq 3, v0x1685400_0, L_0x7f3611fbd378;
L_0x1687b20 .cmp/eq 3, v0x1685400_0, L_0x7f3611fbd3c0;
L_0x1687cc0 .cmp/eq 3, v0x1685400_0, L_0x7f3611fbd408;
L_0x1687de0 .functor MUXZ 16, L_0x16870c0, L_0x1686ca0, L_0x1687cc0, C4<>;
L_0x1687f60 .functor MUXZ 16, L_0x1687de0, L_0x16868e0, L_0x1687b20, C4<>;
L_0x16880a0 .functor MUXZ 16, L_0x1687f60, L_0x1686580, L_0x1687a00, C4<>;
L_0x1688280 .functor MUXZ 16, L_0x16880a0, L_0x165b0d0, L_0x16878c0, C4<>;
L_0x16883c0 .functor MUXZ 16, L_0x1688280, L_0x165ae60, L_0x16877f0, C4<>;
L_0x1688140 .functor MUXZ 16, L_0x16883c0, L_0x1626d20, L_0x16876a0, C4<>;
L_0x1688650 .functor MUXZ 16, L_0x1688140, L_0x1645f10, L_0x1687580, C4<>;
L_0x16888a0 .cmp/eq 3, v0x1685640_0, L_0x7f3611fbd450;
L_0x1688af0 .cmp/eq 3, v0x1685640_0, L_0x7f3611fbd498;
L_0x1688cb0 .cmp/eq 3, v0x1685640_0, L_0x7f3611fbd4e0;
L_0x1688d50 .cmp/eq 3, v0x1685640_0, L_0x7f3611fbd528;
L_0x1688f20 .cmp/eq 3, v0x1685640_0, L_0x7f3611fbd570;
L_0x1689010 .cmp/eq 3, v0x1685640_0, L_0x7f3611fbd5b8;
L_0x16891f0 .cmp/eq 3, v0x1685640_0, L_0x7f3611fbd600;
L_0x16893f0 .functor MUXZ 16, L_0x16870c0, L_0x1686ca0, L_0x16891f0, C4<>;
L_0x16895e0 .functor MUXZ 16, L_0x16893f0, L_0x16868e0, L_0x1689010, C4<>;
L_0x1689680 .functor MUXZ 16, L_0x16895e0, L_0x1686580, L_0x1688f20, C4<>;
L_0x1689880 .functor MUXZ 16, L_0x1689680, L_0x165b0d0, L_0x1688d50, C4<>;
L_0x1689970 .functor MUXZ 16, L_0x1689880, L_0x165ae60, L_0x1688cb0, C4<>;
L_0x1689c10 .functor MUXZ 16, L_0x1689970, L_0x1626d20, L_0x1688af0, C4<>;
L_0x1689d90 .functor MUXZ 16, L_0x1689c10, L_0x1645f10, L_0x16888a0, C4<>;
S_0x167b4f0 .scope module, "r0" "Nbit_reg" 4 30, 5 14 0, S_0x167b150;
 .timescale -9 -12;
    .port_info 0 /INPUT 16 "in";
    .port_info 1 /OUTPUT 16 "out";
    .port_info 2 /INPUT 1 "clk";
    .port_info 3 /INPUT 1 "we";
    .port_info 4 /INPUT 1 "gwe";
    .port_info 5 /INPUT 1 "rst";
P_0x1655d90 .param/l "n" 0 5 14, +C4<00000000000000000000000000010000>;
P_0x1655dd0 .param/l "r" 0 5 14, +C4<00000000000000000000000000000000>;
L_0x1645f10/d .functor BUFZ 16, v0x167ba10_0, C4<0000000000000000>, C4<0000000000000000>, C4<0000000000000000>;
L_0x1645f10 .delay 16 (1000,1000,1000) L_0x1645f10/d;
v0x1643150_0 .net "clk", 0 0, v0x1684d70_0;  alias, 1 drivers
v0x1629a80_0 .net "gwe", 0 0, v0x16850e0_0;  alias, 1 drivers
v0x165b2d0_0 .net "in", 15 0, v0x16858a0_0;  alias, 1 drivers
v0x165b370_0 .net "out", 15 0, L_0x1645f10;  alias, 1 drivers
v0x167b900_0 .net "rst", 0 0, v0x16855a0_0;  alias, 1 drivers
v0x167ba10_0 .var "state", 15 0;
v0x167baf0_0 .net "we", 0 0, L_0x1644790;  1 drivers
E_0x1636470 .event posedge, v0x1643150_0;
S_0x167bc70 .scope module, "r1" "Nbit_reg" 4 31, 5 14 0, S_0x167b150;
 .timescale -9 -12;
    .port_info 0 /INPUT 16 "in";
    .port_info 1 /OUTPUT 16 "out";
    .port_info 2 /INPUT 1 "clk";
    .port_info 3 /INPUT 1 "we";
    .port_info 4 /INPUT 1 "gwe";
    .port_info 5 /INPUT 1 "rst";
P_0x167b720 .param/l "n" 0 5 14, +C4<00000000000000000000000000010000>;
P_0x167b760 .param/l "r" 0 5 14, +C4<00000000000000000000000000000000>;
L_0x1626d20/d .functor BUFZ 16, v0x167c470_0, C4<0000000000000000>, C4<0000000000000000>, C4<0000000000000000>;
L_0x1626d20 .delay 16 (1000,1000,1000) L_0x1626d20/d;
v0x167c040_0 .net "clk", 0 0, v0x1684d70_0;  alias, 1 drivers
v0x167c110_0 .net "gwe", 0 0, v0x16850e0_0;  alias, 1 drivers
v0x167c1e0_0 .net "in", 15 0, v0x16858a0_0;  alias, 1 drivers
v0x167c2e0_0 .net "out", 15 0, L_0x1626d20;  alias, 1 drivers
v0x167c380_0 .net "rst", 0 0, v0x16855a0_0;  alias, 1 drivers
v0x167c470_0 .var "state", 15 0;
v0x167c510_0 .net "we", 0 0, L_0x1629960;  1 drivers
S_0x167c690 .scope module, "r2" "Nbit_reg" 4 32, 5 14 0, S_0x167b150;
 .timescale -9 -12;
    .port_info 0 /INPUT 16 "in";
    .port_info 1 /OUTPUT 16 "out";
    .port_info 2 /INPUT 1 "clk";
    .port_info 3 /INPUT 1 "we";
    .port_info 4 /INPUT 1 "gwe";
    .port_info 5 /INPUT 1 "rst";
P_0x167bec0 .param/l "n" 0 5 14, +C4<00000000000000000000000000010000>;
P_0x167bf00 .param/l "r" 0 5 14, +C4<00000000000000000000000000000000>;
L_0x165ae60/d .functor BUFZ 16, v0x167cfc0_0, C4<0000000000000000>, C4<0000000000000000>, C4<0000000000000000>;
L_0x165ae60 .delay 16 (1000,1000,1000) L_0x165ae60/d;
v0x167cad0_0 .net "clk", 0 0, v0x1684d70_0;  alias, 1 drivers
v0x167cbc0_0 .net "gwe", 0 0, v0x16850e0_0;  alias, 1 drivers
v0x167ccd0_0 .net "in", 15 0, v0x16858a0_0;  alias, 1 drivers
v0x167cdc0_0 .net "out", 15 0, L_0x165ae60;  alias, 1 drivers
v0x167ce80_0 .net "rst", 0 0, v0x16855a0_0;  alias, 1 drivers
v0x167cfc0_0 .var "state", 15 0;
v0x167d0a0_0 .net "we", 0 0, L_0x165b060;  1 drivers
S_0x167d220 .scope module, "r3" "Nbit_reg" 4 33, 5 14 0, S_0x167b150;
 .timescale -9 -12;
    .port_info 0 /INPUT 16 "in";
    .port_info 1 /OUTPUT 16 "out";
    .port_info 2 /INPUT 1 "clk";
    .port_info 3 /INPUT 1 "we";
    .port_info 4 /INPUT 1 "gwe";
    .port_info 5 /INPUT 1 "rst";
P_0x167c8f0 .param/l "n" 0 5 14, +C4<00000000000000000000000000010000>;
P_0x167c930 .param/l "r" 0 5 14, +C4<00000000000000000000000000000000>;
L_0x165b0d0/d .functor BUFZ 16, v0x167d9a0_0, C4<0000000000000000>, C4<0000000000000000>, C4<0000000000000000>;
L_0x165b0d0 .delay 16 (1000,1000,1000) L_0x165b0d0/d;
v0x167d5d0_0 .net "clk", 0 0, v0x1684d70_0;  alias, 1 drivers
v0x167d690_0 .net "gwe", 0 0, v0x16850e0_0;  alias, 1 drivers
v0x167d750_0 .net "in", 15 0, v0x16858a0_0;  alias, 1 drivers
v0x167d7f0_0 .net "out", 15 0, L_0x165b0d0;  alias, 1 drivers
v0x167d8b0_0 .net "rst", 0 0, v0x16855a0_0;  alias, 1 drivers
v0x167d9a0_0 .var "state", 15 0;
v0x167da80_0 .net "we", 0 0, L_0x1686490;  1 drivers
S_0x167dc00 .scope module, "r4" "Nbit_reg" 4 34, 5 14 0, S_0x167b150;
 .timescale -9 -12;
    .port_info 0 /INPUT 16 "in";
    .port_info 1 /OUTPUT 16 "out";
    .port_info 2 /INPUT 1 "clk";
    .port_info 3 /INPUT 1 "we";
    .port_info 4 /INPUT 1 "gwe";
    .port_info 5 /INPUT 1 "rst";
P_0x167d450 .param/l "n" 0 5 14, +C4<00000000000000000000000000010000>;
P_0x167d490 .param/l "r" 0 5 14, +C4<00000000000000000000000000000000>;
L_0x1686580/d .functor BUFZ 16, v0x167e530_0, C4<0000000000000000>, C4<0000000000000000>, C4<0000000000000000>;
L_0x1686580 .delay 16 (1000,1000,1000) L_0x1686580/d;
v0x167e000_0 .net "clk", 0 0, v0x1684d70_0;  alias, 1 drivers
v0x167e0c0_0 .net "gwe", 0 0, v0x16850e0_0;  alias, 1 drivers
v0x167e210_0 .net "in", 15 0, v0x16858a0_0;  alias, 1 drivers
v0x167e340_0 .net "out", 15 0, L_0x1686580;  alias, 1 drivers
v0x167e400_0 .net "rst", 0 0, v0x16855a0_0;  alias, 1 drivers
v0x167e530_0 .var "state", 15 0;
v0x167e610_0 .net "we", 0 0, L_0x1686820;  1 drivers
S_0x167e7d0 .scope module, "r5" "Nbit_reg" 4 35, 5 14 0, S_0x167b150;
 .timescale -9 -12;
    .port_info 0 /INPUT 16 "in";
    .port_info 1 /OUTPUT 16 "out";
    .port_info 2 /INPUT 1 "clk";
    .port_info 3 /INPUT 1 "we";
    .port_info 4 /INPUT 1 "gwe";
    .port_info 5 /INPUT 1 "rst";
P_0x167e960 .param/l "n" 0 5 14, +C4<00000000000000000000000000010000>;
P_0x167e9a0 .param/l "r" 0 5 14, +C4<00000000000000000000000000000000>;
L_0x16868e0/d .functor BUFZ 16, v0x167efa0_0, C4<0000000000000000>, C4<0000000000000000>, C4<0000000000000000>;
L_0x16868e0 .delay 16 (1000,1000,1000) L_0x16868e0/d;
v0x167ebf0_0 .net "clk", 0 0, v0x1684d70_0;  alias, 1 drivers
v0x167ecb0_0 .net "gwe", 0 0, v0x16850e0_0;  alias, 1 drivers
v0x167ed70_0 .net "in", 15 0, v0x16858a0_0;  alias, 1 drivers
v0x167ee40_0 .net "out", 15 0, L_0x16868e0;  alias, 1 drivers
v0x167ef00_0 .net "rst", 0 0, v0x16855a0_0;  alias, 1 drivers
v0x167efa0_0 .var "state", 15 0;
v0x167f080_0 .net "we", 0 0, L_0x1686ba0;  1 drivers
S_0x167f240 .scope module, "r6" "Nbit_reg" 4 36, 5 14 0, S_0x167b150;
 .timescale -9 -12;
    .port_info 0 /INPUT 16 "in";
    .port_info 1 /OUTPUT 16 "out";
    .port_info 2 /INPUT 1 "clk";
    .port_info 3 /INPUT 1 "we";
    .port_info 4 /INPUT 1 "gwe";
    .port_info 5 /INPUT 1 "rst";
P_0x167ea40 .param/l "n" 0 5 14, +C4<00000000000000000000000000010000>;
P_0x167ea80 .param/l "r" 0 5 14, +C4<00000000000000000000000000000000>;
L_0x1686ca0/d .functor BUFZ 16, v0x167f9d0_0, C4<0000000000000000>, C4<0000000000000000>, C4<0000000000000000>;
L_0x1686ca0 .delay 16 (1000,1000,1000) L_0x1686ca0/d;
v0x167f5d0_0 .net "clk", 0 0, v0x1684d70_0;  alias, 1 drivers
v0x167f690_0 .net "gwe", 0 0, v0x16850e0_0;  alias, 1 drivers
v0x167f750_0 .net "in", 15 0, v0x16858a0_0;  alias, 1 drivers
v0x167f820_0 .net "out", 15 0, L_0x1686ca0;  alias, 1 drivers
v0x167f8e0_0 .net "rst", 0 0, v0x16855a0_0;  alias, 1 drivers
v0x167f9d0_0 .var "state", 15 0;
v0x167fab0_0 .net "we", 0 0, L_0x1686ef0;  1 drivers
S_0x167fc70 .scope module, "r7" "Nbit_reg" 4 37, 5 14 0, S_0x167b150;
 .timescale -9 -12;
    .port_info 0 /INPUT 16 "in";
    .port_info 1 /OUTPUT 16 "out";
    .port_info 2 /INPUT 1 "clk";
    .port_info 3 /INPUT 1 "we";
    .port_info 4 /INPUT 1 "gwe";
    .port_info 5 /INPUT 1 "rst";
P_0x167f420 .param/l "n" 0 5 14, +C4<00000000000000000000000000010000>;
P_0x167f460 .param/l "r" 0 5 14, +C4<00000000000000000000000000000000>;
L_0x16870c0/d .functor BUFZ 16, v0x1680450_0, C4<0000000000000000>, C4<0000000000000000>, C4<0000000000000000>;
L_0x16870c0 .delay 16 (1000,1000,1000) L_0x16870c0/d;
v0x1680050_0 .net "clk", 0 0, v0x1684d70_0;  alias, 1 drivers
v0x1680110_0 .net "gwe", 0 0, v0x16850e0_0;  alias, 1 drivers
v0x16801d0_0 .net "in", 15 0, v0x16858a0_0;  alias, 1 drivers
v0x16802a0_0 .net "out", 15 0, L_0x16870c0;  alias, 1 drivers
v0x1680360_0 .net "rst", 0 0, v0x16855a0_0;  alias, 1 drivers
v0x1680450_0 .var "state", 15 0;
v0x1680530_0 .net "we", 0 0, L_0x1687470;  1 drivers
    .scope S_0x167b4f0;
T_1 ;
    %wait E_0x1636470;
    %load/vec4 v0x1629a80_0;
    %load/vec4 v0x167b900_0;
    %and;
    %flag_set/vec4 8;
    %jmp/0xz  T_1.0, 8;
    %pushi/vec4 0, 0, 16;
    %store/vec4 v0x167ba10_0, 0, 16;
    %jmp T_1.1;
T_1.0 ;
    %load/vec4 v0x1629a80_0;
    %load/vec4 v0x167baf0_0;
    %and;
    %flag_set/vec4 8;
    %jmp/0xz  T_1.2, 8;
    %load/vec4 v0x165b2d0_0;
    %store/vec4 v0x167ba10_0, 0, 16;
T_1.2 ;
T_1.1 ;
    %jmp T_1;
    .thread T_1;
    .scope S_0x167bc70;
T_2 ;
    %wait E_0x1636470;
    %load/vec4 v0x167c110_0;
    %load/vec4 v0x167c380_0;
    %and;
    %flag_set/vec4 8;
    %jmp/0xz  T_2.0, 8;
    %pushi/vec4 0, 0, 16;
    %store/vec4 v0x167c470_0, 0, 16;
    %jmp T_2.1;
T_2.0 ;
    %load/vec4 v0x167c110_0;
    %load/vec4 v0x167c510_0;
    %and;
    %flag_set/vec4 8;
    %jmp/0xz  T_2.2, 8;
    %load/vec4 v0x167c1e0_0;
    %store/vec4 v0x167c470_0, 0, 16;
T_2.2 ;
T_2.1 ;
    %jmp T_2;
    .thread T_2;
    .scope S_0x167c690;
T_3 ;
    %wait E_0x1636470;
    %load/vec4 v0x167cbc0_0;
    %load/vec4 v0x167ce80_0;
    %and;
    %flag_set/vec4 8;
    %jmp/0xz  T_3.0, 8;
    %pushi/vec4 0, 0, 16;
    %store/vec4 v0x167cfc0_0, 0, 16;
    %jmp T_3.1;
T_3.0 ;
    %load/vec4 v0x167cbc0_0;
    %load/vec4 v0x167d0a0_0;
    %and;
    %flag_set/vec4 8;
    %jmp/0xz  T_3.2, 8;
    %load/vec4 v0x167ccd0_0;
    %store/vec4 v0x167cfc0_0, 0, 16;
T_3.2 ;
T_3.1 ;
    %jmp T_3;
    .thread T_3;
    .scope S_0x167d220;
T_4 ;
    %wait E_0x1636470;
    %load/vec4 v0x167d690_0;
    %load/vec4 v0x167d8b0_0;
    %and;
    %flag_set/vec4 8;
    %jmp/0xz  T_4.0, 8;
    %pushi/vec4 0, 0, 16;
    %store/vec4 v0x167d9a0_0, 0, 16;
    %jmp T_4.1;
T_4.0 ;
    %load/vec4 v0x167d690_0;
    %load/vec4 v0x167da80_0;
    %and;
    %flag_set/vec4 8;
    %jmp/0xz  T_4.2, 8;
    %load/vec4 v0x167d750_0;
    %store/vec4 v0x167d9a0_0, 0, 16;
T_4.2 ;
T_4.1 ;
    %jmp T_4;
    .thread T_4;
    .scope S_0x167dc00;
T_5 ;
    %wait E_0x1636470;
    %load/vec4 v0x167e0c0_0;
    %load/vec4 v0x167e400_0;
    %and;
    %flag_set/vec4 8;
    %jmp/0xz  T_5.0, 8;
    %pushi/vec4 0, 0, 16;
    %store/vec4 v0x167e530_0, 0, 16;
    %jmp T_5.1;
T_5.0 ;
    %load/vec4 v0x167e0c0_0;
    %load/vec4 v0x167e610_0;
    %and;
    %flag_set/vec4 8;
    %jmp/0xz  T_5.2, 8;
    %load/vec4 v0x167e210_0;
    %store/vec4 v0x167e530_0, 0, 16;
T_5.2 ;
T_5.1 ;
    %jmp T_5;
    .thread T_5;
    .scope S_0x167e7d0;
T_6 ;
    %wait E_0x1636470;
    %load/vec4 v0x167ecb0_0;
    %load/vec4 v0x167ef00_0;
    %and;
    %flag_set/vec4 8;
    %jmp/0xz  T_6.0, 8;
    %pushi/vec4 0, 0, 16;
    %store/vec4 v0x167efa0_0, 0, 16;
    %jmp T_6.1;
T_6.0 ;
    %load/vec4 v0x167ecb0_0;
    %load/vec4 v0x167f080_0;
    %and;
    %flag_set/vec4 8;
    %jmp/0xz  T_6.2, 8;
    %load/vec4 v0x167ed70_0;
    %store/vec4 v0x167efa0_0, 0, 16;
T_6.2 ;
T_6.1 ;
    %jmp T_6;
    .thread T_6;
    .scope S_0x167f240;
T_7 ;
    %wait E_0x1636470;
    %load/vec4 v0x167f690_0;
    %load/vec4 v0x167f8e0_0;
    %and;
    %flag_set/vec4 8;
    %jmp/0xz  T_7.0, 8;
    %pushi/vec4 0, 0, 16;
    %store/vec4 v0x167f9d0_0, 0, 16;
    %jmp T_7.1;
T_7.0 ;
    %load/vec4 v0x167f690_0;
    %load/vec4 v0x167fab0_0;
    %and;
    %flag_set/vec4 8;
    %jmp/0xz  T_7.2, 8;
    %load/vec4 v0x167f750_0;
    %store/vec4 v0x167f9d0_0, 0, 16;
T_7.2 ;
T_7.1 ;
    %jmp T_7;
    .thread T_7;
    .scope S_0x167fc70;
T_8 ;
    %wait E_0x1636470;
    %load/vec4 v0x1680110_0;
    %load/vec4 v0x1680360_0;
    %and;
    %flag_set/vec4 8;
    %jmp/0xz  T_8.0, 8;
    %pushi/vec4 0, 0, 16;
    %store/vec4 v0x1680450_0, 0, 16;
    %jmp T_8.1;
T_8.0 ;
    %load/vec4 v0x1680110_0;
    %load/vec4 v0x1680530_0;
    %and;
    %flag_set/vec4 8;
    %jmp/0xz  T_8.2, 8;
    %load/vec4 v0x16801d0_0;
    %store/vec4 v0x1680450_0, 0, 16;
T_8.2 ;
T_8.1 ;
    %jmp T_8;
    .thread T_8;
    .scope S_0x164af70;
T_9 ;
    %delay 5000, 0;
    %load/vec4 v0x1684d70_0;
    %inv;
    %assign/vec4 v0x1684d70_0, 0;
    %jmp T_9;
    .thread T_9;
    .scope S_0x164af70;
T_10 ;
    %pushi/vec4 0, 0, 3;
    %store/vec4 v0x1685400_0, 0, 3;
    %pushi/vec4 0, 0, 3;
    %store/vec4 v0x1685640_0, 0, 3;
    %pushi/vec4 0, 0, 3;
    %store/vec4 v0x1685340_0, 0, 3;
    %pushi/vec4 0, 0, 1;
    %store/vec4 v0x1685960_0, 0, 1;
    %pushi/vec4 1, 0, 1;
    %store/vec4 v0x16855a0_0, 0, 1;
    %pushi/vec4 0, 0, 16;
    %store/vec4 v0x16858a0_0, 0, 16;
    %pushi/vec4 0, 0, 1;
    %store/vec4 v0x1684d70_0, 0, 1;
    %pushi/vec4 1, 0, 1;
    %store/vec4 v0x16850e0_0, 0, 1;
    %pushi/vec4 0, 0, 32;
    %store/vec4 v0x1684e30_0, 0, 32;
    %pushi/vec4 0, 0, 32;
    %store/vec4 v0x16857e0_0, 0, 32;
    %pushi/vec4 0, 0, 32;
    %store/vec4 v0x1685260_0, 0, 32;
    %vpi_func 2 75 "$fopen" 32, "test_lc4_regfile.input", "r" {0 0 0};
    %store/vec4 v0x1685180_0, 0, 32;
    %load/vec4 v0x1685180_0;
    %cmpi/e 0, 0, 32;
    %jmp/0xz  T_10.0, 4;
    %vpi_call 2 77 "$display", "Error opening file: ", "test_lc4_regfile.input" {0 0 0};
    %vpi_call 2 78 "$finish" {0 0 0};
T_10.0 ;
    %vpi_func 2 83 "$fopen" 32, "regfile_test.output.txt", "w" {0 0 0};
    %store/vec4 v0x1685260_0, 0, 32;
    %load/vec4 v0x1685260_0;
    %cmpi/e 0, 0, 32;
    %jmp/0xz  T_10.2, 4;
    %vpi_call 2 85 "$display", "Error opening file: ", "regfile_test.output.txt" {0 0 0};
    %vpi_call 2 86 "$finish" {0 0 0};
T_10.2 ;
    %delay 100000, 0;
    %delay 5000, 0;
    %pushi/vec4 0, 0, 1;
    %store/vec4 v0x16855a0_0, 0, 1;
    %delay 2000, 0;
T_10.4 ;
    %vpi_func 2 97 "$fscanf" 32, v0x1685180_0, "%d %d %d %b %h %h %h", v0x1685400_0, v0x1685640_0, v0x1685340_0, v0x1685960_0, v0x16858a0_0, v0x1684f10_0, v0x1685000_0 {0 0 0};
    %cmpi/e 7, 0, 32;
    %jmp/0xz T_10.5, 4;
    %delay 8000, 0;
    %load/vec4 v0x16857e0_0;
    %addi 2, 0, 32;
    %store/vec4 v0x16857e0_0, 0, 32;
    %load/vec4 v0x1685260_0;
    %cmpi/ne 0, 0, 32;
    %jmp/0xz  T_10.6, 4;
    %vpi_call 2 106 "$fdisplay", v0x1685260_0, "%d %d %d %b %h %h %h", v0x1685400_0, v0x1685640_0, v0x1685340_0, v0x1685960_0, v0x16858a0_0, v0x16854d0_0, v0x1685710_0 {0 0 0};
T_10.6 ;
    %load/vec4 v0x16854d0_0;
    %load/vec4 v0x1684f10_0;
    %cmp/ne;
    %jmp/0xz  T_10.8, 6;
    %vpi_call 2 110 "$display", "Error at test %d: Value of register %d on output 1 should have been %h, but was %h instead", v0x16857e0_0, v0x1685400_0, v0x1684f10_0, v0x16854d0_0 {0 0 0};
    %load/vec4 v0x1684e30_0;
    %addi 1, 0, 32;
    %store/vec4 v0x1684e30_0, 0, 32;
T_10.8 ;
    %load/vec4 v0x1685710_0;
    %load/vec4 v0x1685000_0;
    %cmp/ne;
    %jmp/0xz  T_10.10, 6;
    %vpi_call 2 115 "$display", "Error at test %d: Value of register %d on output 2 should have been %h, but was %h instead", v0x16857e0_0, v0x1685640_0, v0x1685000_0, v0x1685710_0 {0 0 0};
    %load/vec4 v0x1684e30_0;
    %addi 1, 0, 32;
    %store/vec4 v0x1684e30_0, 0, 32;
T_10.10 ;
    %delay 2000, 0;
    %jmp T_10.4;
T_10.5 ;
    %load/vec4 v0x1685180_0;
    %cmpi/ne 0, 0, 32;
    %jmp/0xz  T_10.12, 4;
    %vpi_call 2 123 "$fclose", v0x1685180_0 {0 0 0};
T_10.12 ;
    %load/vec4 v0x1685260_0;
    %cmpi/ne 0, 0, 32;
    %jmp/0xz  T_10.14, 4;
    %vpi_call 2 124 "$fclose", v0x1685260_0 {0 0 0};
T_10.14 ;
    %vpi_call 2 125 "$display", "Simulation finished: %d test cases %d errors [%s]", v0x16857e0_0, v0x1684e30_0, "test_lc4_regfile.input" {0 0 0};
    %load/vec4 v0x16857e0_0;
    %store/vec4 v0x1646030_0, 0, 32;
    %load/vec4 v0x16857e0_0;
    %load/vec4 v0x1684e30_0;
    %sub;
    %store/vec4 v0x16477b0_0, 0, 32;
    %fork TD_test_regfile.printPoints, S_0x16497f0;
    %join;
    %vpi_call 2 127 "$finish" {0 0 0};
    %end;
    .thread T_10;
# The file index is used to find the file name in the following table.
:file_names 6;
    "N/A";
    "<interactive>";
    "testbench_lc4_regfile.v";
    "./print_points.v";
    "lc4_regfile.v";
    "register.v";
